<?xml version="1.0" encoding="UTF-8"?>
<!-- Generated by org.testng.reporters.JUnitXMLReporter -->
<testsuite hostname="LAPTOP-SV45NM6H" ignored="0" name="Default test" tests="4" failures="0" timestamp="24 Jun 2018 20:19:56 GMT" time="28.08" errors="0">
  <testcase name="fullNameEmptyTest" time="0.284" classname="com.jobappliaction.PersonalInfoTests"/>
  <testcase name="submitFullApplication" time="6.251" classname="com.jobappliaction.PersonalInfoTests"/>
  <testcase name="verifyIpAddress" time="0.983" classname="com.jobappliaction.PersonalInfoTests"/>
  <testcase name="verifyEmail" time="11.518" classname="com.jobappliaction.PersonalInfoTests"/>
</testsuite> <!-- Default test -->
